[Sal 10 Şub 2026 16:42:57 +03] autostart ran on DISPLAY=:0
[Sal 10 Şub 2026 16:42:57 +03] xkbcomp exit code: 0
[Sal 10 Şub 2026 17:28:28 +03] autostart ran on DISPLAY=:0
[Sal 10 Şub 2026 17:28:28 +03] xkbcomp exit code: 0
[Çrş 11 Şub 2026 02:48:09 +03] autostart ran on DISPLAY=:0
[Çrş 11 Şub 2026 02:48:09 +03] xkbcomp exit code: 0
[Çrş 11 Şub 2026 16:49:23 +03] autostart ran on DISPLAY=:0
[Çrş 11 Şub 2026 16:49:23 +03] xkbcomp exit code: 0
[Prş 12 Şub 2026 20:12:23 +03] autostart ran on DISPLAY=:0
[Prş 12 Şub 2026 20:12:23 +03] xkbcomp exit code: 0
[Prş 12 Şub 2026 21:24:48 +03] autostart ran on DISPLAY=:0
[Prş 12 Şub 2026 21:24:48 +03] xkbcomp exit code: 0
[Cum 13 Şub 2026 00:15:32 +03] autostart ran on DISPLAY=:0
[Cum 13 Şub 2026 00:15:32 +03] xkbcomp exit code: 0
[Cum 13 Şub 2026 02:19:31 +03] autostart ran on DISPLAY=:0
[Cum 13 Şub 2026 02:19:31 +03] xkbcomp exit code: 0
[Cum 13 Şub 2026 05:26:55 +03] autostart ran on DISPLAY=:0
[Cum 13 Şub 2026 05:26:55 +03] xkbcomp exit code: 0
[Cum 13 Şub 2026 11:39:25 +03] autostart ran on DISPLAY=:0
[Cum 13 Şub 2026 11:39:25 +03] xkbcomp exit code: 0
[Cum 13 Şub 2026 14:02:10 +03] autostart ran on DISPLAY=:0
[Cum 13 Şub 2026 14:02:10 +03] xkbcomp exit code: 0
[Cum 13 Şub 2026 20:07:00 +03] autostart ran on DISPLAY=:0
[Cum 13 Şub 2026 20:07:00 +03] xkbcomp exit code: 0
[Cum 13 Şub 2026 23:04:46 +03] autostart ran on DISPLAY=:0
[Cum 13 Şub 2026 23:04:46 +03] xkbcomp exit code: 0
[Cts 14 Şub 2026 10:25:48 +03] autostart ran on DISPLAY=:0
[Cts 14 Şub 2026 10:25:48 +03] xkbcomp exit code: 0
[Cts 14 Şub 2026 12:46:42 +03] autostart ran on DISPLAY=:0
[Cts 14 Şub 2026 12:46:42 +03] xkbcomp exit code: 0
[Paz 15 Şub 2026 18:46:33 +03] autostart ran on DISPLAY=:0
[Paz 15 Şub 2026 18:46:33 +03] xkbcomp exit code: 0
[Paz 15 Şub 2026 22:41:40 +03] autostart ran on DISPLAY=:0
[Paz 15 Şub 2026 22:41:40 +03] xkbcomp exit code: 0
[Pzt 16 Şub 2026 01:17:47 +03] autostart ran on DISPLAY=:0
[Pzt 16 Şub 2026 01:17:47 +03] xkbcomp exit code: 0
[Sal 17 Şub 2026 19:23:40 +03] autostart ran on DISPLAY=:0
[Sal 17 Şub 2026 19:23:40 +03] xkbcomp exit code: 0
[Sal 17 Şub 2026 20:26:23 +03] autostart ran on DISPLAY=:0
[Sal 17 Şub 2026 20:26:23 +03] xkbcomp exit code: 0
[Sal 17 Şub 2026 20:31:25 +03] autostart ran on DISPLAY=:0
[Sal 17 Şub 2026 20:31:25 +03] xkbcomp exit code: 0
[Sal 17 Şub 2026 22:52:25 +03] autostart ran on DISPLAY=:0
[Sal 17 Şub 2026 22:52:25 +03] xkbcomp exit code: 0
[Çrş 18 Şub 2026 00:42:56 +03] autostart ran on DISPLAY=:0
[Çrş 18 Şub 2026 00:42:56 +03] xkbcomp exit code: 0
[Çrş 18 Şub 2026 02:40:14 +03] autostart ran on DISPLAY=:0
[Çrş 18 Şub 2026 02:40:14 +03] xkbcomp exit code: 0
[Çrş 18 Şub 2026 05:20:38 +03] autostart ran on DISPLAY=:0
[Çrş 18 Şub 2026 05:20:39 +03] xkbcomp exit code: 0
[Çrş 18 Şub 2026 05:21:29 +03] autostart ran on DISPLAY=:0
[Çrş 18 Şub 2026 05:21:29 +03] xkbcomp exit code: 0
[Çrş 18 Şub 2026 05:22:07 +03] autostart ran on DISPLAY=:0
[Çrş 18 Şub 2026 05:22:07 +03] xkbcomp exit code: 0
[Çrş 18 Şub 2026 05:23:23 +03] autostart ran on DISPLAY=:0
[Çrş 18 Şub 2026 05:23:23 +03] xkbcomp exit code: 0
[Çrş 18 Şub 2026 08:21:15 +03] autostart ran on DISPLAY=:0
[Çrş 18 Şub 2026 08:21:15 +03] xkbcomp exit code: 0
[Çrş 18 Şub 2026 21:41:34 +03] autostart ran on DISPLAY=:0
[Çrş 18 Şub 2026 21:41:34 +03] xkbcomp exit code: 0
[Çrş 18 Şub 2026 23:07:12 +03] autostart ran on DISPLAY=:0
[Çrş 18 Şub 2026 23:07:12 +03] xkbcomp exit code: 0
[Prş 19 Şub 2026 03:13:33 +03] autostart ran on DISPLAY=:0
[Prş 19 Şub 2026 03:13:33 +03] xkbcomp exit code: 0
[Prş 19 Şub 2026 08:13:16 +03] autostart ran on DISPLAY=:0
[Prş 19 Şub 2026 08:13:16 +03] xkbcomp exit code: 0
[Prş 19 Şub 2026 11:37:04 +03] autostart ran on DISPLAY=:0
[Prş 19 Şub 2026 11:37:04 +03] xkbcomp exit code: 0
[Cts 21 Şub 2026 00:37:14 +03] autostart ran on DISPLAY=:0
[Cts 21 Şub 2026 00:37:14 +03] xkbcomp exit code: 0
[Cts 21 Şub 2026 02:15:50 +03] autostart ran on DISPLAY=:0
[Cts 21 Şub 2026 02:15:51 +03] xkbcomp exit code: 0
[Cts 21 Şub 2026 04:28:15 +03] autostart ran on DISPLAY=:0
[Cts 21 Şub 2026 04:28:15 +03] xkbcomp exit code: 0
[Cts 21 Şub 2026 04:46:18 +03] autostart ran on DISPLAY=:0
[Cts 21 Şub 2026 04:46:18 +03] xkbcomp exit code: 0
[Cts 21 Şub 2026 07:05:27 +03] autostart ran on DISPLAY=:0
[Cts 21 Şub 2026 07:05:27 +03] xkbcomp exit code: 0
[Cts 21 Şub 2026 10:19:44 +03] autostart ran on DISPLAY=:0
[Cts 21 Şub 2026 10:19:44 +03] xkbcomp exit code: 0
[Paz 22 Şub 2026 22:05:08 +03] autostart ran on DISPLAY=:0
[Paz 22 Şub 2026 22:05:08 +03] xkbcomp exit code: 0
[Paz 22 Şub 2026 23:04:51 +03] autostart ran on DISPLAY=:0
[Paz 22 Şub 2026 23:04:51 +03] xkbcomp exit code: 0
[Pzt 23 Şub 2026 01:33:35 +03] autostart ran on DISPLAY=:0
[Pzt 23 Şub 2026 01:33:35 +03] xkbcomp exit code: 0
[Pzt 23 Şub 2026 16:13:37 +03] autostart ran on DISPLAY=:0
[Pzt 23 Şub 2026 16:13:37 +03] xkbcomp exit code: 0
[Pzt 23 Şub 2026 16:19:07 +03] autostart ran on DISPLAY=:0
[Pzt 23 Şub 2026 16:19:07 +03] xkbcomp exit code: 0
[Pzt 23 Şub 2026 20:48:49 +03] autostart ran on DISPLAY=:0
[Pzt 23 Şub 2026 20:48:49 +03] xkbcomp exit code: 0
[Sal 24 Şub 2026 05:37:02 +03] autostart ran on DISPLAY=:0
[Sal 24 Şub 2026 05:37:02 +03] xkbcomp exit code: 0
[Sal 24 Şub 2026 06:04:19 +03] autostart ran on DISPLAY=:0
[Sal 24 Şub 2026 06:04:19 +03] xkbcomp exit code: 0
[Sal 24 Şub 2026 06:17:03 +03] autostart ran on DISPLAY=:0
[Sal 24 Şub 2026 06:17:03 +03] xkbcomp exit code: 0
[Çrş 25 Şub 2026 07:26:23 +03] autostart ran on DISPLAY=:0
[Çrş 25 Şub 2026 07:26:23 +03] xkbcomp exit code: 0
[Çrş 25 Şub 2026 11:30:20 +03] autostart ran on DISPLAY=:0
[Çrş 25 Şub 2026 11:30:20 +03] xkbcomp exit code: 0
[Çrş 25 Şub 2026 16:31:53 +03] autostart ran on DISPLAY=:0
[Çrş 25 Şub 2026 16:31:53 +03] xkbcomp exit code: 0
[Prş 26 Şub 2026 10:38:36 +03] autostart ran on DISPLAY=:0
[Prş 26 Şub 2026 10:38:36 +03] xkbcomp exit code: 0
[Prş 26 Şub 2026 12:09:00 +03] autostart ran on DISPLAY=:0
[Prş 26 Şub 2026 12:09:00 +03] xkbcomp exit code: 0
[Prş 26 Şub 2026 14:16:51 +03] autostart ran on DISPLAY=:0
[Prş 26 Şub 2026 14:16:51 +03] xkbcomp exit code: 0
[Prş 26 Şub 2026 14:36:17 +03] autostart ran on DISPLAY=:0
[Prş 26 Şub 2026 14:36:17 +03] xkbcomp exit code: 0
[Prş 26 Şub 2026 14:52:49 +03] autostart ran on DISPLAY=:0
[Prş 26 Şub 2026 14:52:49 +03] xkbcomp exit code: 0
[Prş 26 Şub 2026 15:00:51 +03] autostart ran on DISPLAY=:0
[Prş 26 Şub 2026 15:00:51 +03] xkbcomp exit code: 0
